[14-11-2018 09:25:57] PayPal\Core\PayPalHttpConnection : INFO: POST https://api.sandbox.paypal.com/v1/oauth2/token
[14-11-2018 09:25:59] PayPal\Core\PayPalHttpConnection : INFO: Response Status 	: 401
[14-11-2018 09:25:59] PayPal\Core\PayPalHttpConnection : ERROR: Got Http response code 401 when accessing https://api.sandbox.paypal.com/v1/oauth2/token. {"error":"invalid_client","error_description":"Client Authentication failed"}
[14-11-2018 09:28:39] PayPal\Core\PayPalHttpConnection : INFO: POST https://api.sandbox.paypal.com/v1/oauth2/token
[14-11-2018 09:28:41] PayPal\Core\PayPalHttpConnection : INFO: Response Status 	: 200
[14-11-2018 09:28:41] PayPal\Core\PayPalHttpConnection : INFO: POST https://api.sandbox.paypal.com/v1/payments/payment
[14-11-2018 09:28:44] PayPal\Core\PayPalHttpConnection : INFO: Response Status 	: 201
[14-11-2018 09:47:43] PayPal\Core\PayPalHttpConnection : INFO: POST https://api.sandbox.paypal.com/v1/oauth2/token
[14-11-2018 09:47:44] PayPal\Core\PayPalHttpConnection : INFO: Response Status 	: 200
[14-11-2018 09:47:44] PayPal\Core\PayPalHttpConnection : INFO: POST https://api.sandbox.paypal.com/v1/payments/payment
[14-11-2018 09:47:45] PayPal\Core\PayPalHttpConnection : INFO: Response Status 	: 201
[14-11-2018 09:55:39] PayPal\Core\PayPalHttpConnection : INFO: POST https://api.sandbox.paypal.com/v1/oauth2/token
[14-11-2018 09:55:40] PayPal\Core\PayPalHttpConnection : INFO: Response Status 	: 200
[14-11-2018 09:55:40] PayPal\Core\PayPalHttpConnection : INFO: POST https://api.sandbox.paypal.com/v1/payments/payment
[14-11-2018 09:55:41] PayPal\Core\PayPalHttpConnection : INFO: Response Status 	: 201
[14-11-2018 10:34:24] PayPal\Core\PayPalHttpConnection : INFO: POST https://api.sandbox.paypal.com/v1/oauth2/token
[14-11-2018 10:34:27] PayPal\Core\PayPalHttpConnection : INFO: Response Status 	: 200
[14-11-2018 10:34:27] PayPal\Core\PayPalHttpConnection : INFO: POST https://api.sandbox.paypal.com/v1/payments/payment
[14-11-2018 10:34:29] PayPal\Core\PayPalHttpConnection : INFO: Response Status 	: 201
[14-11-2018 10:35:26] PayPal\Core\PayPalHttpConnection : INFO: POST https://api.sandbox.paypal.com/v1/oauth2/token
[14-11-2018 10:35:27] PayPal\Core\PayPalHttpConnection : INFO: Response Status 	: 200
[14-11-2018 10:35:27] PayPal\Core\PayPalHttpConnection : INFO: POST https://api.sandbox.paypal.com/v1/payments/payment
[14-11-2018 10:35:29] PayPal\Core\PayPalHttpConnection : INFO: Response Status 	: 201
[14-11-2018 10:54:33] PayPal\Core\PayPalHttpConnection : INFO: POST https://api.sandbox.paypal.com/v1/oauth2/token
[14-11-2018 10:54:35] PayPal\Core\PayPalHttpConnection : INFO: Response Status 	: 200
[14-11-2018 10:54:35] PayPal\Core\PayPalHttpConnection : INFO: POST https://api.sandbox.paypal.com/v1/payments/payment
[14-11-2018 10:54:38] PayPal\Core\PayPalHttpConnection : INFO: Response Status 	: 201
[14-11-2018 11:25:10] PayPal\Core\PayPalHttpConnection : INFO: POST https://api.sandbox.paypal.com/v1/oauth2/token
[14-11-2018 11:25:12] PayPal\Core\PayPalHttpConnection : INFO: Response Status 	: 200
[14-11-2018 11:25:12] PayPal\Core\PayPalHttpConnection : INFO: POST https://api.sandbox.paypal.com/v1/payments/payment
[14-11-2018 11:25:15] PayPal\Core\PayPalHttpConnection : INFO: Response Status 	: 201
[14-11-2018 12:44:02] PayPal\Core\PayPalHttpConnection : INFO: POST https://api.sandbox.paypal.com/v1/oauth2/token
[14-11-2018 12:44:04] PayPal\Core\PayPalHttpConnection : INFO: Response Status 	: 200
[14-11-2018 12:44:04] PayPal\Core\PayPalHttpConnection : INFO: POST https://api.sandbox.paypal.com/v1/payments/payment
[14-11-2018 12:44:06] PayPal\Core\PayPalHttpConnection : INFO: Response Status 	: 201
[14-11-2018 12:51:51] PayPal\Core\PayPalHttpConnection : INFO: POST https://api.sandbox.paypal.com/v1/oauth2/token
[14-11-2018 12:51:52] PayPal\Core\PayPalHttpConnection : INFO: Response Status 	: 200
[14-11-2018 12:51:52] PayPal\Core\PayPalHttpConnection : INFO: POST https://api.sandbox.paypal.com/v1/payments/payment
[14-11-2018 12:51:53] PayPal\Core\PayPalHttpConnection : INFO: Response Status 	: 201
[14-11-2018 12:54:19] PayPal\Core\PayPalHttpConnection : INFO: POST https://api.sandbox.paypal.com/v1/oauth2/token
[14-11-2018 12:54:22] PayPal\Core\PayPalHttpConnection : INFO: Response Status 	: 200
[14-11-2018 12:54:22] PayPal\Core\PayPalHttpConnection : INFO: POST https://api.sandbox.paypal.com/v1/payments/payment
[14-11-2018 12:54:24] PayPal\Core\PayPalHttpConnection : INFO: Response Status 	: 201
[14-11-2018 01:16:58] PayPal\Core\PayPalHttpConnection : INFO: POST https://api.sandbox.paypal.com/v1/oauth2/token
[14-11-2018 01:17:00] PayPal\Core\PayPalHttpConnection : INFO: Response Status 	: 200
[14-11-2018 01:17:00] PayPal\Core\PayPalHttpConnection : INFO: POST https://api.sandbox.paypal.com/v1/payments/payment
[14-11-2018 01:17:01] PayPal\Core\PayPalHttpConnection : INFO: Response Status 	: 201
[14-11-2018 03:40:33] PayPal\Core\PayPalHttpConnection : INFO: POST https://api.sandbox.paypal.com/v1/oauth2/token
[14-11-2018 03:40:35] PayPal\Core\PayPalHttpConnection : INFO: Response Status 	: 200
[14-11-2018 03:40:35] PayPal\Core\PayPalHttpConnection : INFO: POST https://api.sandbox.paypal.com/v1/payments/payment
[14-11-2018 03:40:37] PayPal\Core\PayPalHttpConnection : INFO: Response Status 	: 201
[14-11-2018 04:03:55] PayPal\Core\PayPalHttpConnection : INFO: POST https://api.sandbox.paypal.com/v1/oauth2/token
[14-11-2018 04:03:56] PayPal\Core\PayPalHttpConnection : INFO: Response Status 	: 200
[14-11-2018 04:03:56] PayPal\Core\PayPalHttpConnection : INFO: POST https://api.sandbox.paypal.com/v1/payments/payment
[14-11-2018 04:03:58] PayPal\Core\PayPalHttpConnection : INFO: Response Status 	: 201
[14-11-2018 04:46:12] PayPal\Core\PayPalHttpConnection : INFO: POST https://api.sandbox.paypal.com/v1/oauth2/token
[14-11-2018 04:46:14] PayPal\Core\PayPalHttpConnection : INFO: Response Status 	: 401
[14-11-2018 04:46:14] PayPal\Core\PayPalHttpConnection : ERROR: Got Http response code 401 when accessing https://api.sandbox.paypal.com/v1/oauth2/token. {"error":"invalid_client","error_description":"Client Authentication failed"}
[14-11-2018 04:51:06] PayPal\Core\PayPalHttpConnection : INFO: POST https://api.sandbox.paypal.com/v1/oauth2/token
[14-11-2018 04:51:07] PayPal\Core\PayPalHttpConnection : INFO: Response Status 	: 200
[14-11-2018 04:51:07] PayPal\Core\PayPalHttpConnection : INFO: POST https://api.sandbox.paypal.com/v1/payments/payment
[14-11-2018 04:51:09] PayPal\Core\PayPalHttpConnection : INFO: Response Status 	: 201
[15-11-2018 01:28:29] PayPal\Core\PayPalHttpConnection : INFO: POST https://api.sandbox.paypal.com/v1/oauth2/token
[15-11-2018 01:28:31] PayPal\Core\PayPalHttpConnection : INFO: Response Status 	: 200
[15-11-2018 01:28:31] PayPal\Core\PayPalHttpConnection : INFO: POST https://api.sandbox.paypal.com/v1/payments/payment
[15-11-2018 01:28:33] PayPal\Core\PayPalHttpConnection : INFO: Response Status 	: 201
[15-11-2018 01:35:09] PayPal\Core\PayPalHttpConnection : INFO: POST https://api.sandbox.paypal.com/v1/oauth2/token
[15-11-2018 01:35:10] PayPal\Core\PayPalHttpConnection : INFO: Response Status 	: 200
[15-11-2018 01:35:10] PayPal\Core\PayPalHttpConnection : INFO: POST https://api.sandbox.paypal.com/v1/payments/payment
[15-11-2018 01:35:11] PayPal\Core\PayPalHttpConnection : INFO: Response Status 	: 400
[15-11-2018 01:35:11] PayPal\Core\PayPalHttpConnection : ERROR: Got Http response code 400 when accessing https://api.sandbox.paypal.com/v1/payments/payment. {"name":"VALIDATION_ERROR","details":[{"field":"transactions","issue":"Item currency codes should be same as the transaction currency code in all buckets"},{"field":"transactions[0]","issue":"Item amount must add up to specified amount subtotal (or total if amount details not specified)"}],"message":"Invalid request - see details","information_link":"https://developer.paypal.com/docs/api/payments/#errors","debug_id":"edf577e4273fb"}
[15-11-2018 01:35:21] PayPal\Core\PayPalHttpConnection : INFO: POST https://api.sandbox.paypal.com/v1/oauth2/token
[15-11-2018 01:35:22] PayPal\Core\PayPalHttpConnection : INFO: Response Status 	: 200
[15-11-2018 01:35:22] PayPal\Core\PayPalHttpConnection : INFO: POST https://api.sandbox.paypal.com/v1/payments/payment
[15-11-2018 01:35:23] PayPal\Core\PayPalHttpConnection : INFO: Response Status 	: 400
[15-11-2018 01:35:23] PayPal\Core\PayPalHttpConnection : ERROR: Got Http response code 400 when accessing https://api.sandbox.paypal.com/v1/payments/payment. {"name":"VALIDATION_ERROR","details":[{"field":"transactions[0].amount","issue":"Transaction amount details (subtotal, tax, shipping) must add up to specified amount total"},{"field":"transactions[0]","issue":"Item amount must add up to specified amount subtotal (or total if amount details not specified)"}],"message":"Invalid request - see details","information_link":"https://developer.paypal.com/docs/api/payments/#errors","debug_id":"f8f72c7cb0179"}
[15-11-2018 01:35:45] PayPal\Core\PayPalHttpConnection : INFO: POST https://api.sandbox.paypal.com/v1/oauth2/token
[15-11-2018 01:35:46] PayPal\Core\PayPalHttpConnection : INFO: Response Status 	: 200
[15-11-2018 01:35:46] PayPal\Core\PayPalHttpConnection : INFO: POST https://api.sandbox.paypal.com/v1/payments/payment
[15-11-2018 01:35:47] PayPal\Core\PayPalHttpConnection : INFO: Response Status 	: 400
[15-11-2018 01:35:47] PayPal\Core\PayPalHttpConnection : ERROR: Got Http response code 400 when accessing https://api.sandbox.paypal.com/v1/payments/payment. {"name":"VALIDATION_ERROR","details":[{"field":"transactions[0]","issue":"Item amount must add up to specified amount subtotal (or total if amount details not specified)"},{"field":"transactions[0].amount","issue":"Transaction amount details (subtotal, tax, shipping) must add up to specified amount total"}],"message":"Invalid request - see details","information_link":"https://developer.paypal.com/docs/api/payments/#errors","debug_id":"899996146763e"}
[15-11-2018 01:36:35] PayPal\Core\PayPalHttpConnection : INFO: POST https://api.sandbox.paypal.com/v1/oauth2/token
[15-11-2018 01:36:36] PayPal\Core\PayPalHttpConnection : INFO: Response Status 	: 200
[15-11-2018 01:36:36] PayPal\Core\PayPalHttpConnection : INFO: POST https://api.sandbox.paypal.com/v1/payments/payment
[15-11-2018 01:36:37] PayPal\Core\PayPalHttpConnection : INFO: Response Status 	: 400
[15-11-2018 01:36:37] PayPal\Core\PayPalHttpConnection : ERROR: Got Http response code 400 when accessing https://api.sandbox.paypal.com/v1/payments/payment. {"name":"VALIDATION_ERROR","details":[{"field":"transactions[0].amount","issue":"Transaction amount details (subtotal, tax, shipping) must add up to specified amount total"},{"field":"transactions[0]","issue":"Item amount must add up to specified amount subtotal (or total if amount details not specified)"}],"message":"Invalid request - see details","information_link":"https://developer.paypal.com/docs/api/payments/#errors","debug_id":"a964b1fc76b6e"}
[15-11-2018 01:39:29] PayPal\Core\PayPalHttpConnection : INFO: POST https://api.sandbox.paypal.com/v1/oauth2/token
[15-11-2018 01:39:30] PayPal\Core\PayPalHttpConnection : INFO: Response Status 	: 200
[15-11-2018 01:39:30] PayPal\Core\PayPalHttpConnection : INFO: POST https://api.sandbox.paypal.com/v1/payments/payment
[15-11-2018 01:39:31] PayPal\Core\PayPalHttpConnection : INFO: Response Status 	: 400
[15-11-2018 01:39:31] PayPal\Core\PayPalHttpConnection : ERROR: Got Http response code 400 when accessing https://api.sandbox.paypal.com/v1/payments/payment. {"name":"VALIDATION_ERROR","details":[{"field":"transactions[0]","issue":"Item amount must add up to specified amount subtotal (or total if amount details not specified)"},{"field":"transactions[0].amount","issue":"Transaction amount details (subtotal, tax, shipping) must add up to specified amount total"}],"message":"Invalid request - see details","information_link":"https://developer.paypal.com/docs/api/payments/#errors","debug_id":"a71861d433655"}
[15-11-2018 01:40:15] PayPal\Core\PayPalHttpConnection : INFO: POST https://api.sandbox.paypal.com/v1/oauth2/token
[15-11-2018 01:40:16] PayPal\Core\PayPalHttpConnection : INFO: Response Status 	: 200
[15-11-2018 01:40:16] PayPal\Core\PayPalHttpConnection : INFO: POST https://api.sandbox.paypal.com/v1/payments/payment
[15-11-2018 01:40:17] PayPal\Core\PayPalHttpConnection : INFO: Response Status 	: 400
[15-11-2018 01:40:17] PayPal\Core\PayPalHttpConnection : ERROR: Got Http response code 400 when accessing https://api.sandbox.paypal.com/v1/payments/payment. {"name":"VALIDATION_ERROR","details":[{"field":"transactions[0]","issue":"Item amount must add up to specified amount subtotal (or total if amount details not specified)"},{"field":"transactions[0].amount","issue":"Transaction amount details (subtotal, tax, shipping) must add up to specified amount total"}],"message":"Invalid request - see details","information_link":"https://developer.paypal.com/docs/api/payments/#errors","debug_id":"cf3ac4771300"}
[15-11-2018 01:40:24] PayPal\Core\PayPalHttpConnection : INFO: POST https://api.sandbox.paypal.com/v1/oauth2/token
[15-11-2018 01:40:25] PayPal\Core\PayPalHttpConnection : INFO: Response Status 	: 200
[15-11-2018 01:40:25] PayPal\Core\PayPalHttpConnection : INFO: POST https://api.sandbox.paypal.com/v1/payments/payment
[15-11-2018 01:40:26] PayPal\Core\PayPalHttpConnection : INFO: Response Status 	: 400
[15-11-2018 01:40:26] PayPal\Core\PayPalHttpConnection : ERROR: Got Http response code 400 when accessing https://api.sandbox.paypal.com/v1/payments/payment. {"name":"VALIDATION_ERROR","details":[{"field":"transactions[0].amount","issue":"Transaction amount details (subtotal, tax, shipping) must add up to specified amount total"},{"field":"transactions[0]","issue":"Item amount must add up to specified amount subtotal (or total if amount details not specified)"}],"message":"Invalid request - see details","information_link":"https://developer.paypal.com/docs/api/payments/#errors","debug_id":"12adc2ea23124"}
[15-11-2018 01:42:24] PayPal\Core\PayPalHttpConnection : INFO: POST https://api.sandbox.paypal.com/v1/oauth2/token
[15-11-2018 01:42:25] PayPal\Core\PayPalHttpConnection : INFO: Response Status 	: 200
[15-11-2018 01:42:25] PayPal\Core\PayPalHttpConnection : INFO: POST https://api.sandbox.paypal.com/v1/payments/payment
[15-11-2018 01:42:27] PayPal\Core\PayPalHttpConnection : INFO: Response Status 	: 400
[15-11-2018 01:42:27] PayPal\Core\PayPalHttpConnection : ERROR: Got Http response code 400 when accessing https://api.sandbox.paypal.com/v1/payments/payment. {"name":"VALIDATION_ERROR","details":[{"field":"transactions[0]","issue":"Item amount must add up to specified amount subtotal (or total if amount details not specified)"},{"field":"transactions[0].amount","issue":"Transaction amount details (subtotal, tax, shipping) must add up to specified amount total"}],"message":"Invalid request - see details","information_link":"https://developer.paypal.com/docs/api/payments/#errors","debug_id":"727b827f6b5c7"}
[15-11-2018 01:46:25] PayPal\Core\PayPalHttpConnection : INFO: POST https://api.sandbox.paypal.com/v1/oauth2/token
[15-11-2018 01:46:26] PayPal\Core\PayPalHttpConnection : INFO: Response Status 	: 200
[15-11-2018 01:46:26] PayPal\Core\PayPalHttpConnection : INFO: POST https://api.sandbox.paypal.com/v1/payments/payment
[15-11-2018 01:46:27] PayPal\Core\PayPalHttpConnection : INFO: Response Status 	: 400
[15-11-2018 01:46:27] PayPal\Core\PayPalHttpConnection : ERROR: Got Http response code 400 when accessing https://api.sandbox.paypal.com/v1/payments/payment. {"name":"VALIDATION_ERROR","details":[{"field":"transactions[0].amount","issue":"Transaction amount details (subtotal, tax, shipping) must add up to specified amount total"},{"field":"transactions[0]","issue":"Item amount must add up to specified amount subtotal (or total if amount details not specified)"}],"message":"Invalid request - see details","information_link":"https://developer.paypal.com/docs/api/payments/#errors","debug_id":"f7cacbafe998f"}
[15-11-2018 01:47:29] PayPal\Core\PayPalHttpConnection : INFO: POST https://api.sandbox.paypal.com/v1/oauth2/token
[15-11-2018 01:47:31] PayPal\Core\PayPalHttpConnection : INFO: Response Status 	: 200
[15-11-2018 01:47:31] PayPal\Core\PayPalHttpConnection : INFO: POST https://api.sandbox.paypal.com/v1/payments/payment
[15-11-2018 01:47:32] PayPal\Core\PayPalHttpConnection : INFO: Response Status 	: 400
[15-11-2018 01:47:32] PayPal\Core\PayPalHttpConnection : ERROR: Got Http response code 400 when accessing https://api.sandbox.paypal.com/v1/payments/payment. {"name":"VALIDATION_ERROR","details":[{"field":"transactions[0].amount","issue":"Transaction amount details (subtotal, tax, shipping) must add up to specified amount total"}],"message":"Invalid request - see details","information_link":"https://developer.paypal.com/docs/api/payments/#errors","debug_id":"2ebc2174c3f45"}
[15-11-2018 01:49:37] PayPal\Core\PayPalHttpConnection : INFO: POST https://api.sandbox.paypal.com/v1/oauth2/token
[15-11-2018 01:49:38] PayPal\Core\PayPalHttpConnection : INFO: Response Status 	: 200
[15-11-2018 01:49:38] PayPal\Core\PayPalHttpConnection : INFO: POST https://api.sandbox.paypal.com/v1/payments/payment
[15-11-2018 01:49:40] PayPal\Core\PayPalHttpConnection : INFO: Response Status 	: 201
[15-11-2018 02:05:16] PayPal\Core\PayPalHttpConnection : INFO: POST https://api.sandbox.paypal.com/v1/oauth2/token
[15-11-2018 02:05:17] PayPal\Core\PayPalHttpConnection : INFO: Response Status 	: 200
[15-11-2018 02:05:17] PayPal\Core\PayPalHttpConnection : INFO: POST https://api.sandbox.paypal.com/v1/payments/payment
[15-11-2018 02:05:19] PayPal\Core\PayPalHttpConnection : INFO: Response Status 	: 201
[15-11-2018 02:12:37] PayPal\Core\PayPalHttpConnection : INFO: POST https://api.sandbox.paypal.com/v1/oauth2/token
[15-11-2018 02:12:38] PayPal\Core\PayPalHttpConnection : INFO: Response Status 	: 200
[15-11-2018 02:12:38] PayPal\Core\PayPalHttpConnection : INFO: POST https://api.sandbox.paypal.com/v1/payments/payment
[15-11-2018 02:12:40] PayPal\Core\PayPalHttpConnection : INFO: Response Status 	: 201
[15-11-2018 02:13:56] PayPal\Core\PayPalHttpConnection : INFO: POST https://api.sandbox.paypal.com/v1/oauth2/token
[15-11-2018 02:13:57] PayPal\Core\PayPalHttpConnection : INFO: Response Status 	: 200
[15-11-2018 02:13:57] PayPal\Core\PayPalHttpConnection : INFO: POST https://api.sandbox.paypal.com/v1/payments/payment
[15-11-2018 02:13:59] PayPal\Core\PayPalHttpConnection : INFO: Response Status 	: 201
[15-11-2018 02:14:47] PayPal\Core\PayPalHttpConnection : INFO: POST https://api.sandbox.paypal.com/v1/oauth2/token
[15-11-2018 02:14:48] PayPal\Core\PayPalHttpConnection : INFO: Response Status 	: 200
[15-11-2018 02:14:48] PayPal\Core\PayPalHttpConnection : INFO: POST https://api.sandbox.paypal.com/v1/payments/payment
[15-11-2018 02:14:50] PayPal\Core\PayPalHttpConnection : INFO: Response Status 	: 201
[15-11-2018 02:14:59] PayPal\Core\PayPalHttpConnection : INFO: POST https://api.sandbox.paypal.com/v1/oauth2/token
[15-11-2018 02:15:00] PayPal\Core\PayPalHttpConnection : INFO: Response Status 	: 200
[15-11-2018 02:15:00] PayPal\Core\PayPalHttpConnection : INFO: POST https://api.sandbox.paypal.com/v1/payments/payment
[15-11-2018 02:15:01] PayPal\Core\PayPalHttpConnection : INFO: Response Status 	: 201
[15-11-2018 02:15:12] PayPal\Core\PayPalHttpConnection : INFO: POST https://api.sandbox.paypal.com/v1/oauth2/token
[15-11-2018 02:15:13] PayPal\Core\PayPalHttpConnection : INFO: Response Status 	: 200
[15-11-2018 02:15:13] PayPal\Core\PayPalHttpConnection : INFO: POST https://api.sandbox.paypal.com/v1/payments/payment
[15-11-2018 02:15:15] PayPal\Core\PayPalHttpConnection : INFO: Response Status 	: 201
[15-11-2018 02:15:54] PayPal\Core\PayPalHttpConnection : INFO: POST https://api.sandbox.paypal.com/v1/oauth2/token
[15-11-2018 02:15:55] PayPal\Core\PayPalHttpConnection : INFO: Response Status 	: 200
[15-11-2018 02:15:55] PayPal\Core\PayPalHttpConnection : INFO: POST https://api.sandbox.paypal.com/v1/payments/payment
[15-11-2018 02:15:56] PayPal\Core\PayPalHttpConnection : INFO: Response Status 	: 201
[15-11-2018 02:16:38] PayPal\Core\PayPalHttpConnection : INFO: POST https://api.sandbox.paypal.com/v1/oauth2/token
[15-11-2018 02:16:39] PayPal\Core\PayPalHttpConnection : INFO: Response Status 	: 200
[15-11-2018 02:16:39] PayPal\Core\PayPalHttpConnection : INFO: POST https://api.sandbox.paypal.com/v1/payments/payment
[15-11-2018 02:16:40] PayPal\Core\PayPalHttpConnection : INFO: Response Status 	: 201
[15-11-2018 02:17:44] PayPal\Core\PayPalHttpConnection : INFO: POST https://api.sandbox.paypal.com/v1/oauth2/token
[15-11-2018 02:17:46] PayPal\Core\PayPalHttpConnection : INFO: Response Status 	: 200
[15-11-2018 02:17:46] PayPal\Core\PayPalHttpConnection : INFO: POST https://api.sandbox.paypal.com/v1/payments/payment
[15-11-2018 02:17:47] PayPal\Core\PayPalHttpConnection : INFO: Response Status 	: 201
[15-11-2018 02:18:40] PayPal\Core\PayPalHttpConnection : INFO: POST https://api.sandbox.paypal.com/v1/oauth2/token
[15-11-2018 02:18:41] PayPal\Core\PayPalHttpConnection : INFO: Response Status 	: 200
[15-11-2018 02:18:41] PayPal\Core\PayPalHttpConnection : INFO: POST https://api.sandbox.paypal.com/v1/payments/payment
[15-11-2018 02:18:43] PayPal\Core\PayPalHttpConnection : INFO: Response Status 	: 201
[15-11-2018 02:19:09] PayPal\Core\PayPalHttpConnection : INFO: POST https://api.sandbox.paypal.com/v1/oauth2/token
[15-11-2018 02:19:10] PayPal\Core\PayPalHttpConnection : INFO: Response Status 	: 200
[15-11-2018 02:19:10] PayPal\Core\PayPalHttpConnection : INFO: POST https://api.sandbox.paypal.com/v1/payments/payment
[15-11-2018 02:19:12] PayPal\Core\PayPalHttpConnection : INFO: Response Status 	: 201
[15-11-2018 02:20:38] PayPal\Core\PayPalHttpConnection : INFO: POST https://api.sandbox.paypal.com/v1/oauth2/token
[15-11-2018 02:20:39] PayPal\Core\PayPalHttpConnection : INFO: Response Status 	: 200
[15-11-2018 02:20:39] PayPal\Core\PayPalHttpConnection : INFO: POST https://api.sandbox.paypal.com/v1/payments/payment
[15-11-2018 02:20:41] PayPal\Core\PayPalHttpConnection : INFO: Response Status 	: 201
[15-11-2018 02:21:27] PayPal\Core\PayPalHttpConnection : INFO: POST https://api.sandbox.paypal.com/v1/oauth2/token
[15-11-2018 02:21:28] PayPal\Core\PayPalHttpConnection : INFO: Response Status 	: 200
[15-11-2018 02:21:28] PayPal\Core\PayPalHttpConnection : INFO: POST https://api.sandbox.paypal.com/v1/payments/payment
[15-11-2018 02:21:29] PayPal\Core\PayPalHttpConnection : INFO: Response Status 	: 201
[15-11-2018 02:23:44] PayPal\Core\PayPalHttpConnection : INFO: POST https://api.sandbox.paypal.com/v1/oauth2/token
[15-11-2018 02:23:45] PayPal\Core\PayPalHttpConnection : INFO: Response Status 	: 200
[15-11-2018 02:23:45] PayPal\Core\PayPalHttpConnection : INFO: POST https://api.sandbox.paypal.com/v1/payments/payment
[15-11-2018 02:23:47] PayPal\Core\PayPalHttpConnection : INFO: Response Status 	: 201
[15-11-2018 02:24:06] PayPal\Core\PayPalHttpConnection : INFO: POST https://api.sandbox.paypal.com/v1/oauth2/token
[15-11-2018 02:24:07] PayPal\Core\PayPalHttpConnection : INFO: Response Status 	: 200
[15-11-2018 02:24:07] PayPal\Core\PayPalHttpConnection : INFO: POST https://api.sandbox.paypal.com/v1/payments/payment
[15-11-2018 02:24:08] PayPal\Core\PayPalHttpConnection : INFO: Response Status 	: 201
[15-11-2018 02:28:59] PayPal\Core\PayPalHttpConnection : INFO: POST https://api.sandbox.paypal.com/v1/oauth2/token
[15-11-2018 02:29:00] PayPal\Core\PayPalHttpConnection : INFO: Response Status 	: 200
[15-11-2018 02:29:00] PayPal\Core\PayPalHttpConnection : INFO: POST https://api.sandbox.paypal.com/v1/payments/payment
[15-11-2018 02:29:02] PayPal\Core\PayPalHttpConnection : INFO: Response Status 	: 201
[15-11-2018 02:29:22] PayPal\Core\PayPalHttpConnection : INFO: POST https://api.sandbox.paypal.com/v1/oauth2/token
[15-11-2018 02:29:22] PayPal\Core\PayPalHttpConnection : INFO: Response Status 	: 200
[15-11-2018 02:29:23] PayPal\Core\PayPalHttpConnection : INFO: POST https://api.sandbox.paypal.com/v1/payments/payment
[15-11-2018 02:29:24] PayPal\Core\PayPalHttpConnection : INFO: Response Status 	: 201
[15-11-2018 02:30:01] PayPal\Core\PayPalHttpConnection : INFO: POST https://api.sandbox.paypal.com/v1/oauth2/token
[15-11-2018 02:30:02] PayPal\Core\PayPalHttpConnection : INFO: Response Status 	: 200
[15-11-2018 02:30:02] PayPal\Core\PayPalHttpConnection : INFO: POST https://api.sandbox.paypal.com/v1/payments/payment
[15-11-2018 02:30:03] PayPal\Core\PayPalHttpConnection : INFO: Response Status 	: 201
[15-11-2018 02:32:01] PayPal\Core\PayPalHttpConnection : INFO: POST https://api.sandbox.paypal.com/v1/oauth2/token
[15-11-2018 02:32:02] PayPal\Core\PayPalHttpConnection : INFO: Response Status 	: 200
[15-11-2018 02:32:02] PayPal\Core\PayPalHttpConnection : INFO: POST https://api.sandbox.paypal.com/v1/payments/payment
[15-11-2018 02:32:04] PayPal\Core\PayPalHttpConnection : INFO: Response Status 	: 201
[15-11-2018 02:33:21] PayPal\Core\PayPalHttpConnection : INFO: POST https://api.sandbox.paypal.com/v1/oauth2/token
[15-11-2018 02:33:22] PayPal\Core\PayPalHttpConnection : INFO: Response Status 	: 200
[15-11-2018 02:33:22] PayPal\Core\PayPalHttpConnection : INFO: POST https://api.sandbox.paypal.com/v1/payments/payment
[15-11-2018 02:33:23] PayPal\Core\PayPalHttpConnection : INFO: Response Status 	: 201
[15-11-2018 02:35:36] PayPal\Core\PayPalHttpConnection : INFO: POST https://api.sandbox.paypal.com/v1/oauth2/token
[15-11-2018 02:35:37] PayPal\Core\PayPalHttpConnection : INFO: Response Status 	: 200
[15-11-2018 02:35:37] PayPal\Core\PayPalHttpConnection : INFO: POST https://api.sandbox.paypal.com/v1/payments/payment
[15-11-2018 02:35:39] PayPal\Core\PayPalHttpConnection : INFO: Response Status 	: 201
[15-11-2018 02:36:23] PayPal\Core\PayPalHttpConnection : INFO: POST https://api.sandbox.paypal.com/v1/oauth2/token
[15-11-2018 02:36:24] PayPal\Core\PayPalHttpConnection : INFO: Response Status 	: 200
[15-11-2018 02:36:24] PayPal\Core\PayPalHttpConnection : INFO: POST https://api.sandbox.paypal.com/v1/payments/payment
[15-11-2018 02:36:25] PayPal\Core\PayPalHttpConnection : INFO: Response Status 	: 201
[15-11-2018 02:39:59] PayPal\Core\PayPalHttpConnection : INFO: POST https://api.sandbox.paypal.com/v1/oauth2/token
[15-11-2018 02:40:00] PayPal\Core\PayPalHttpConnection : INFO: Response Status 	: 200
[15-11-2018 02:40:00] PayPal\Core\PayPalHttpConnection : INFO: POST https://api.sandbox.paypal.com/v1/payments/payment
[15-11-2018 02:40:02] PayPal\Core\PayPalHttpConnection : INFO: Response Status 	: 201
[15-11-2018 02:41:01] PayPal\Core\PayPalHttpConnection : INFO: POST https://api.sandbox.paypal.com/v1/oauth2/token
[15-11-2018 02:41:02] PayPal\Core\PayPalHttpConnection : INFO: Response Status 	: 200
[15-11-2018 02:41:02] PayPal\Core\PayPalHttpConnection : INFO: POST https://api.sandbox.paypal.com/v1/payments/payment
[15-11-2018 02:41:03] PayPal\Core\PayPalHttpConnection : INFO: Response Status 	: 201
[15-11-2018 02:42:01] PayPal\Core\PayPalHttpConnection : INFO: POST https://api.sandbox.paypal.com/v1/oauth2/token
[15-11-2018 02:42:02] PayPal\Core\PayPalHttpConnection : INFO: Response Status 	: 200
[15-11-2018 02:42:02] PayPal\Core\PayPalHttpConnection : INFO: POST https://api.sandbox.paypal.com/v1/payments/payment
[15-11-2018 02:42:04] PayPal\Core\PayPalHttpConnection : INFO: Response Status 	: 201
[15-11-2018 02:43:34] PayPal\Core\PayPalHttpConnection : INFO: POST https://api.sandbox.paypal.com/v1/oauth2/token
[15-11-2018 02:43:35] PayPal\Core\PayPalHttpConnection : INFO: Response Status 	: 200
[15-11-2018 02:43:35] PayPal\Core\PayPalHttpConnection : INFO: POST https://api.sandbox.paypal.com/v1/payments/payment
[15-11-2018 02:43:36] PayPal\Core\PayPalHttpConnection : INFO: Response Status 	: 201
[15-11-2018 02:44:34] PayPal\Core\PayPalHttpConnection : INFO: POST https://api.sandbox.paypal.com/v1/oauth2/token
[15-11-2018 02:44:35] PayPal\Core\PayPalHttpConnection : INFO: Response Status 	: 200
[15-11-2018 02:44:35] PayPal\Core\PayPalHttpConnection : INFO: POST https://api.sandbox.paypal.com/v1/payments/payment
[15-11-2018 02:44:37] PayPal\Core\PayPalHttpConnection : INFO: Response Status 	: 201
[15-11-2018 02:52:23] PayPal\Core\PayPalHttpConnection : INFO: POST https://api.sandbox.paypal.com/v1/oauth2/token
[15-11-2018 02:52:24] PayPal\Core\PayPalHttpConnection : INFO: Response Status 	: 200
[15-11-2018 02:52:24] PayPal\Core\PayPalHttpConnection : INFO: POST https://api.sandbox.paypal.com/v1/payments/payment
[15-11-2018 02:52:26] PayPal\Core\PayPalHttpConnection : INFO: Response Status 	: 201
[15-11-2018 02:53:22] PayPal\Core\PayPalHttpConnection : INFO: POST https://api.sandbox.paypal.com/v1/oauth2/token
[15-11-2018 02:53:23] PayPal\Core\PayPalHttpConnection : INFO: Response Status 	: 200
[15-11-2018 02:53:23] PayPal\Core\PayPalHttpConnection : INFO: POST https://api.sandbox.paypal.com/v1/payments/payment
[15-11-2018 02:53:25] PayPal\Core\PayPalHttpConnection : INFO: Response Status 	: 201
[15-11-2018 02:55:42] PayPal\Core\PayPalHttpConnection : INFO: POST https://api.sandbox.paypal.com/v1/oauth2/token
[15-11-2018 02:55:43] PayPal\Core\PayPalHttpConnection : INFO: Response Status 	: 200
[15-11-2018 02:55:43] PayPal\Core\PayPalHttpConnection : INFO: POST https://api.sandbox.paypal.com/v1/payments/payment
[15-11-2018 02:55:45] PayPal\Core\PayPalHttpConnection : INFO: Response Status 	: 201
[15-11-2018 02:58:51] PayPal\Core\PayPalHttpConnection : INFO: POST https://api.sandbox.paypal.com/v1/oauth2/token
[15-11-2018 02:58:55] PayPal\Core\PayPalHttpConnection : INFO: Response Status 	: 200
[15-11-2018 02:58:55] PayPal\Core\PayPalHttpConnection : INFO: POST https://api.sandbox.paypal.com/v1/payments/payment
[15-11-2018 02:58:57] PayPal\Core\PayPalHttpConnection : INFO: Response Status 	: 201
[15-11-2018 03:01:10] PayPal\Core\PayPalHttpConnection : INFO: POST https://api.sandbox.paypal.com/v1/oauth2/token
[15-11-2018 03:01:11] PayPal\Core\PayPalHttpConnection : INFO: Response Status 	: 200
[15-11-2018 03:01:11] PayPal\Core\PayPalHttpConnection : INFO: POST https://api.sandbox.paypal.com/v1/payments/payment
[15-11-2018 03:01:13] PayPal\Core\PayPalHttpConnection : INFO: Response Status 	: 201
[15-11-2018 03:02:15] PayPal\Core\PayPalHttpConnection : INFO: POST https://api.sandbox.paypal.com/v1/oauth2/token
[15-11-2018 03:02:17] PayPal\Core\PayPalHttpConnection : INFO: Response Status 	: 200
[15-11-2018 03:02:17] PayPal\Core\PayPalHttpConnection : INFO: POST https://api.sandbox.paypal.com/v1/payments/payment
[15-11-2018 03:02:18] PayPal\Core\PayPalHttpConnection : INFO: Response Status 	: 201
[15-11-2018 03:03:38] PayPal\Core\PayPalHttpConnection : INFO: POST https://api.sandbox.paypal.com/v1/oauth2/token
[15-11-2018 03:03:39] PayPal\Core\PayPalHttpConnection : INFO: Response Status 	: 200
[15-11-2018 03:03:39] PayPal\Core\PayPalHttpConnection : INFO: POST https://api.sandbox.paypal.com/v1/payments/payment
[15-11-2018 03:03:41] PayPal\Core\PayPalHttpConnection : INFO: Response Status 	: 201
[15-11-2018 03:16:34] PayPal\Core\PayPalHttpConnection : INFO: POST https://api.sandbox.paypal.com/v1/oauth2/token
[15-11-2018 03:16:35] PayPal\Core\PayPalHttpConnection : INFO: Response Status 	: 200
[15-11-2018 03:16:35] PayPal\Core\PayPalHttpConnection : INFO: POST https://api.sandbox.paypal.com/v1/payments/payment
[15-11-2018 03:16:36] PayPal\Core\PayPalHttpConnection : INFO: Response Status 	: 400
[15-11-2018 03:16:36] PayPal\Core\PayPalHttpConnection : ERROR: Got Http response code 400 when accessing https://api.sandbox.paypal.com/v1/payments/payment. {"name":"VALIDATION_ERROR","details":[{"field":"intent","issue":"Payment intent must be sale or authorize or order."}],"message":"Invalid request. See details.","information_link":"https://developer.paypal.com/docs/api/payments/#errors","debug_id":"709c641a26013"}
[15-11-2018 03:38:56] PayPal\Core\PayPalHttpConnection : INFO: POST https://api.sandbox.paypal.com/v1/oauth2/token
[15-11-2018 03:38:57] PayPal\Core\PayPalHttpConnection : INFO: Response Status 	: 200
[15-11-2018 03:38:57] PayPal\Core\PayPalHttpConnection : INFO: POST https://api.sandbox.paypal.com/v1/payments/payment
[15-11-2018 03:38:58] PayPal\Core\PayPalHttpConnection : INFO: Response Status 	: 201
[15-11-2018 03:57:26] PayPal\Core\PayPalHttpConnection : INFO: POST https://api.sandbox.paypal.com/v1/oauth2/token
[15-11-2018 03:57:27] PayPal\Core\PayPalHttpConnection : INFO: Response Status 	: 200
[15-11-2018 03:57:27] PayPal\Core\PayPalHttpConnection : INFO: POST https://api.sandbox.paypal.com/v1/payments/payment
[15-11-2018 03:57:29] PayPal\Core\PayPalHttpConnection : INFO: Response Status 	: 201
[15-11-2018 04:00:52] PayPal\Core\PayPalHttpConnection : INFO: POST https://api.sandbox.paypal.com/v1/oauth2/token
[15-11-2018 04:00:53] PayPal\Core\PayPalHttpConnection : INFO: Response Status 	: 200
[15-11-2018 04:00:53] PayPal\Core\PayPalHttpConnection : INFO: POST https://api.sandbox.paypal.com/v1/payments/payment
[15-11-2018 04:00:54] PayPal\Core\PayPalHttpConnection : INFO: Response Status 	: 201
